09:55:54 INFO  : Registering command handlers for SDK TCF services
09:55:58 INFO  : Launching XSCT server: xsct.bat -interactive C:\Users\user\Desktop\1125\1125_proj\project_1\project_1.sdk\temp_xsdb_launch_script.tcl
09:56:02 INFO  : XSCT server has started successfully.
09:56:02 INFO  : Successfully done setting XSCT server connection channel  
09:56:08 INFO  : Successfully done setting SDK workspace  
09:56:08 INFO  : Processing command line option -hwspec C:/Users/user/Desktop/1125/1125_proj/project_1/project_1.sdk/design_1_wrapper.hdf.
10:53:55 INFO  : Registering command handlers for SDK TCF services
10:53:55 INFO  : Launching XSCT server: xsct.bat -interactive C:\Users\user\Desktop\1125\1125_proj\project_1\project_1.sdk\temp_xsdb_launch_script.tcl
10:53:57 INFO  : XSCT server has started successfully.
10:53:57 INFO  : Successfully done setting XSCT server connection channel  
10:53:57 INFO  : Successfully done setting SDK workspace  
10:53:57 INFO  : Processing command line option -hwspec C:/Users/user/Desktop/1125/1125_proj/project_1/project_1.sdk/design_1_wrapper.hdf.
10:53:57 INFO  : Checking for hwspec changes in the project design_1_wrapper_hw_platform_0.
10:54:31 INFO  : Connected to target on host '127.0.0.1' and port '3121'.
10:54:32 INFO  : 'targets -set -filter {jtag_cable_name =~ "Digilent Zed 210248AC8A7E" && level==0} -index 1' command is executed.
10:54:35 INFO  : FPGA configured successfully with bitstream "C:/Users/user/Desktop/1125/1125_proj/project_1/project_1.sdk/design_1_wrapper_hw_platform_0/design_1_wrapper.bit"
10:54:56 INFO  : Connected to target on host '127.0.0.1' and port '3121'.
10:54:56 INFO  : Jtag cable 'Digilent Zed 210248AC8A7E' is selected.
10:54:56 INFO  : 'jtag frequency' command is executed.
10:54:56 INFO  : Sourcing of 'C:/Users/user/Desktop/1125/1125_proj/project_1/project_1.sdk/ZC702_hw_platform/ps7_init.tcl' is done.
10:54:56 INFO  : Context for 'APU' is selected.
10:54:56 INFO  : Hardware design information is loaded from 'C:/Users/user/Desktop/1125/1125_proj/project_1/project_1.sdk/ZC702_hw_platform/system.hdf'.
10:54:56 INFO  : 'configparams force-mem-access 1' command is executed.
10:54:56 INFO  : Context for 'APU' is selected.
10:54:56 INFO  : 'stop' command is executed.
10:54:57 INFO  : 'ps7_init' command is executed.
10:54:57 INFO  : 'ps7_post_config' command is executed.
10:54:57 INFO  : Context for processor 'ps7_cortexa9_0' is selected.
10:54:57 INFO  : Processor reset is completed for 'ps7_cortexa9_0'.
10:54:57 INFO  : Context for processor 'ps7_cortexa9_0' is selected.
10:54:57 INFO  : The application 'C:/Users/user/Desktop/1125/1125_proj/project_1/project_1.sdk/add32/Debug/add32.elf' is downloaded to processor 'ps7_cortexa9_0'.
10:54:57 INFO  : 'configparams force-mem-access 0' command is executed.
10:54:57 INFO  : ----------------XSDB Script----------------
connect -url tcp:127.0.0.1:3121
source C:/Users/user/Desktop/1125/1125_proj/project_1/project_1.sdk/ZC702_hw_platform/ps7_init.tcl
targets -set -nocase -filter {name =~"APU*" && jtag_cable_name =~ "Digilent Zed 210248AC8A7E"} -index 0
loadhw -hw C:/Users/user/Desktop/1125/1125_proj/project_1/project_1.sdk/ZC702_hw_platform/system.hdf -mem-ranges [list {0x40000000 0xbfffffff}]
configparams force-mem-access 1
targets -set -nocase -filter {name =~"APU*" && jtag_cable_name =~ "Digilent Zed 210248AC8A7E"} -index 0
stop
ps7_init
ps7_post_config
targets -set -nocase -filter {name =~ "ARM*#0" && jtag_cable_name =~ "Digilent Zed 210248AC8A7E"} -index 0
rst -processor
targets -set -nocase -filter {name =~ "ARM*#0" && jtag_cable_name =~ "Digilent Zed 210248AC8A7E"} -index 0
dow C:/Users/user/Desktop/1125/1125_proj/project_1/project_1.sdk/add32/Debug/add32.elf
configparams force-mem-access 0
----------------End of Script----------------

10:54:58 INFO  : Context for processor 'ps7_cortexa9_0' is selected.
10:54:58 INFO  : 'con' command is executed.
10:54:58 INFO  : ----------------XSDB Script (After Launch)----------------
targets -set -nocase -filter {name =~ "ARM*#0" && jtag_cable_name =~ "Digilent Zed 210248AC8A7E"} -index 0
con
----------------End of Script----------------

10:54:58 INFO  : Launch script is exported to file 'C:\Users\user\Desktop\1125\1125_proj\project_1\project_1.sdk\.sdk\launch_scripts\xilinx_c-c++_application_(system_debugger)\system_debugger_using_debug_add32.elf_on_local.tcl'
10:58:10 INFO  : Connected to target on host '127.0.0.1' and port '3121'.
10:58:16 INFO  : 'targets -set -filter {jtag_cable_name =~ "Digilent Zed 210248564951" && level==0} -index 1' command is executed.
10:58:18 INFO  : FPGA configured successfully with bitstream "C:/Users/user/Desktop/1125/1125_proj/project_1/project_1.sdk/design_1_wrapper_hw_platform_0/design_1_wrapper.bit"
10:58:30 INFO  : Disconnected from the channel tcfchan#1.
10:58:31 INFO  : Connected to target on host '127.0.0.1' and port '3121'.
10:58:31 INFO  : Jtag cable 'Digilent Zed 210248564951' is selected.
10:58:31 INFO  : 'jtag frequency' command is executed.
10:58:31 INFO  : Sourcing of 'C:/Users/user/Desktop/1125/1125_proj/project_1/project_1.sdk/ZC702_hw_platform/ps7_init.tcl' is done.
10:58:31 INFO  : Context for 'APU' is selected.
10:58:33 INFO  : Hardware design information is loaded from 'C:/Users/user/Desktop/1125/1125_proj/project_1/project_1.sdk/ZC702_hw_platform/system.hdf'.
10:58:33 INFO  : 'configparams force-mem-access 1' command is executed.
10:58:33 INFO  : Context for 'APU' is selected.
10:58:33 INFO  : 'stop' command is executed.
10:59:57 ERROR : Memory read error at 0xF800010C. Invalid DAP IDCODE. Invalid DAP ACK value: 0
10:59:57 INFO  : ----------------XSDB Script----------------
connect -url tcp:127.0.0.1:3121
source C:/Users/user/Desktop/1125/1125_proj/project_1/project_1.sdk/ZC702_hw_platform/ps7_init.tcl
targets -set -nocase -filter {name =~"APU*" && jtag_cable_name =~ "Digilent Zed 210248564951"} -index 0
loadhw -hw C:/Users/user/Desktop/1125/1125_proj/project_1/project_1.sdk/ZC702_hw_platform/system.hdf -mem-ranges [list {0x40000000 0xbfffffff}]
configparams force-mem-access 1
targets -set -nocase -filter {name =~"APU*" && jtag_cable_name =~ "Digilent Zed 210248564951"} -index 0
stop
ps7_init
----------------End of Script----------------

11:05:35 INFO  : Registering command handlers for SDK TCF services
11:05:35 INFO  : Launching XSCT server: xsct.bat -interactive C:\Users\user\Desktop\1125\1125_proj\project_1\project_1.sdk\temp_xsdb_launch_script.tcl
11:05:37 INFO  : XSCT server has started successfully.
11:05:37 INFO  : Successfully done setting XSCT server connection channel  
11:05:37 INFO  : Successfully done setting SDK workspace  
11:05:37 INFO  : Processing command line option -hwspec C:/Users/user/Desktop/1125/1125_proj/project_1/project_1.sdk/design_1_wrapper.hdf.
11:05:37 INFO  : Checking for hwspec changes in the project design_1_wrapper_hw_platform_0.
