1

6 1 8 
7 5 3 
2 9 4 

15 8 1 24 17 
16 14 7 5 23 
22 20 13 6 4 
3 21 19 12 10 
9 2 25 18 11 

28 19 10 1 48 39 30 
29 27 18 9 7 47 38 
37 35 26 17 8 6 46 
45 36 34 25 16 14 5 
4 44 42 33 24 15 13 
12 3 43 41 32 23 21 
20 11 2 49 40 31 22 

45 34 23 12 1 80 69 58 47 
46 44 33 22 11 9 79 68 57 
56 54 43 32 21 10 8 78 67 
66 55 53 42 31 20 18 7 77 
76 65 63 52 41 30 19 17 6 
5 75 64 62 51 40 29 27 16 
15 4 74 72 61 50 39 28 26 
25 14 3 73 71 60 49 38 36 
35 24 13 2 81 70 59 48 37 

