
*** Running vivado
    with args -log design_1_myip_0_0.vds -m64 -product Vivado -mode batch -messageDb vivado.pb -notrace -source design_1_myip_0_0.tcl


****** Vivado v2019.2 (64-bit)
  **** SW Build 2708876 on Wed Nov  6 21:40:23 MST 2019
  **** IP Build 2700528 on Thu Nov  7 00:09:20 MST 2019
    ** Copyright 1986-2019 Xilinx, Inc. All Rights Reserved.

source design_1_myip_0_0.tcl -notrace
INFO: [IP_Flow 19-234] Refreshing IP repositories
INFO: [IP_Flow 19-1700] Loaded user IP repository 'c:/Users/Max-Hsu/Desktop/1125n/ip_repo/myip_1.0'.
INFO: [IP_Flow 19-2313] Loaded Vivado IP repository 'C:/Xilinx/Vivado/2019.2/data/ip'.
Command: synth_design -top design_1_myip_0_0 -part xc7z020clg484-1 -mode out_of_context
Starting synth_design
Attempting to get a license for feature 'Synthesis' and/or device 'xc7z020'
INFO: [Common 17-349] Got license for feature 'Synthesis' and/or device 'xc7z020'
INFO: [Device 21-403] Loading part xc7z020clg484-1
INFO: Launching helper process for spawning children vivado processes
INFO: Helper process launched with PID 15892 
---------------------------------------------------------------------------------
Starting RTL Elaboration : Time (s): cpu = 00:00:06 ; elapsed = 00:00:07 . Memory (MB): peak = 986.184 ; gain = 234.082
---------------------------------------------------------------------------------
INFO: [Synth 8-6157] synthesizing module 'design_1_myip_0_0' [c:/Users/Max-Hsu/Desktop/1125n/project_1/project_1.srcs/sources_1/bd/design_1/ip/design_1_myip_0_0/synth/design_1_myip_0_0.v:57]
INFO: [Synth 8-6157] synthesizing module 'myip_v1_0' [c:/Users/Max-Hsu/Desktop/1125n/project_1/project_1.srcs/sources_1/bd/design_1/ipshared/c92a/hdl/myip_v1_0.v:4]
	Parameter C_S00_AXI_DATA_WIDTH bound to: 32 - type: integer 
	Parameter C_S00_AXI_ADDR_WIDTH bound to: 5 - type: integer 
INFO: [Synth 8-6157] synthesizing module 'myip_v1_0_S00_AXI' [c:/Users/Max-Hsu/Desktop/1125n/project_1/project_1.srcs/sources_1/bd/design_1/ipshared/c92a/hdl/myip_v1_0_S00_AXI.v:4]
	Parameter C_S_AXI_DATA_WIDTH bound to: 32 - type: integer 
	Parameter C_S_AXI_ADDR_WIDTH bound to: 5 - type: integer 
	Parameter ADDR_LSB bound to: 2 - type: integer 
	Parameter OPT_MEM_ADDR_BITS bound to: 2 - type: integer 
INFO: [Synth 8-6157] synthesizing module 'adder_32' [c:/Users/Max-Hsu/Desktop/1125n/project_1/project_1.srcs/sources_1/bd/design_1/ipshared/c92a/src/adder_32.v:23]
WARNING: [Synth 8-6104] Input port 'cout' has an internal driver [c:/Users/Max-Hsu/Desktop/1125n/project_1/project_1.srcs/sources_1/bd/design_1/ipshared/c92a/src/adder_32.v:31]
INFO: [Synth 8-6155] done synthesizing module 'adder_32' (1#1) [c:/Users/Max-Hsu/Desktop/1125n/project_1/project_1.srcs/sources_1/bd/design_1/ipshared/c92a/src/adder_32.v:23]
WARNING: [Synth 8-6014] Unused sequential element slv_reg3_reg was removed.  [c:/Users/Max-Hsu/Desktop/1125n/project_1/project_1.srcs/sources_1/bd/design_1/ipshared/c92a/hdl/myip_v1_0_S00_AXI.v:229]
WARNING: [Synth 8-6014] Unused sequential element slv_reg4_reg was removed.  [c:/Users/Max-Hsu/Desktop/1125n/project_1/project_1.srcs/sources_1/bd/design_1/ipshared/c92a/hdl/myip_v1_0_S00_AXI.v:230]
WARNING: [Synth 8-3848] Net cout in module/entity myip_v1_0_S00_AXI does not have driver. [c:/Users/Max-Hsu/Desktop/1125n/project_1/project_1.srcs/sources_1/bd/design_1/ipshared/c92a/hdl/myip_v1_0_S00_AXI.v:119]
WARNING: [Synth 8-3848] Net slc_reg2 in module/entity myip_v1_0_S00_AXI does not have driver. [c:/Users/Max-Hsu/Desktop/1125n/project_1/project_1.srcs/sources_1/bd/design_1/ipshared/c92a/hdl/myip_v1_0_S00_AXI.v:414]
INFO: [Synth 8-6155] done synthesizing module 'myip_v1_0_S00_AXI' (2#1) [c:/Users/Max-Hsu/Desktop/1125n/project_1/project_1.srcs/sources_1/bd/design_1/ipshared/c92a/hdl/myip_v1_0_S00_AXI.v:4]
INFO: [Synth 8-6155] done synthesizing module 'myip_v1_0' (3#1) [c:/Users/Max-Hsu/Desktop/1125n/project_1/project_1.srcs/sources_1/bd/design_1/ipshared/c92a/hdl/myip_v1_0.v:4]
INFO: [Synth 8-6155] done synthesizing module 'design_1_myip_0_0' (4#1) [c:/Users/Max-Hsu/Desktop/1125n/project_1/project_1.srcs/sources_1/bd/design_1/ip/design_1_myip_0_0/synth/design_1_myip_0_0.v:57]
WARNING: [Synth 8-3331] design myip_v1_0_S00_AXI has unconnected port S_AXI_AWPROT[2]
WARNING: [Synth 8-3331] design myip_v1_0_S00_AXI has unconnected port S_AXI_AWPROT[1]
WARNING: [Synth 8-3331] design myip_v1_0_S00_AXI has unconnected port S_AXI_AWPROT[0]
WARNING: [Synth 8-3331] design myip_v1_0_S00_AXI has unconnected port S_AXI_ARPROT[2]
WARNING: [Synth 8-3331] design myip_v1_0_S00_AXI has unconnected port S_AXI_ARPROT[1]
WARNING: [Synth 8-3331] design myip_v1_0_S00_AXI has unconnected port S_AXI_ARPROT[0]
---------------------------------------------------------------------------------
Finished RTL Elaboration : Time (s): cpu = 00:00:08 ; elapsed = 00:00:09 . Memory (MB): peak = 1062.051 ; gain = 309.949
---------------------------------------------------------------------------------

Report Check Netlist: 
+------+------------------+-------+---------+-------+------------------+
|      |Item              |Errors |Warnings |Status |Description       |
+------+------------------+-------+---------+-------+------------------+
|1     |multi_driven_nets |      0|        0|Passed |Multi driven nets |
+------+------------------+-------+---------+-------+------------------+
---------------------------------------------------------------------------------
Start Handling Custom Attributes
---------------------------------------------------------------------------------
---------------------------------------------------------------------------------
Finished Handling Custom Attributes : Time (s): cpu = 00:00:08 ; elapsed = 00:00:10 . Memory (MB): peak = 1062.051 ; gain = 309.949
---------------------------------------------------------------------------------
---------------------------------------------------------------------------------
Finished RTL Optimization Phase 1 : Time (s): cpu = 00:00:08 ; elapsed = 00:00:10 . Memory (MB): peak = 1062.051 ; gain = 309.949
---------------------------------------------------------------------------------
Netlist sorting complete. Time (s): cpu = 00:00:00 ; elapsed = 00:00:00.029 . Memory (MB): peak = 1062.051 ; gain = 0.000
INFO: [Project 1-570] Preparing netlist for logic optimization

Processing XDC Constraints
Initializing timing engine
Completed Processing XDC Constraints

Netlist sorting complete. Time (s): cpu = 00:00:00 ; elapsed = 00:00:00 . Memory (MB): peak = 1146.941 ; gain = 0.000
INFO: [Project 1-111] Unisim Transformation Summary:
No Unisim elements were transformed.

WARNING: [Constraints 18-5210] No constraints selected for write.
Resolution: This message can indicate that there are no constraints for the design, or it can indicate that the used_in flags are set such that the constraints are ignored. This later case is used when running synth_design to not write synthesis constraints to the resulting checkpoint. Instead, project constraints are read when the synthesized design is opened.
Constraint Validation Runtime : Time (s): cpu = 00:00:00 ; elapsed = 00:00:00.118 . Memory (MB): peak = 1149.258 ; gain = 2.316
---------------------------------------------------------------------------------
Finished Constraint Validation : Time (s): cpu = 00:00:17 ; elapsed = 00:00:20 . Memory (MB): peak = 1149.258 ; gain = 397.156
---------------------------------------------------------------------------------
---------------------------------------------------------------------------------
Start Loading Part and Timing Information
---------------------------------------------------------------------------------
Loading part: xc7z020clg484-1
---------------------------------------------------------------------------------
Finished Loading Part and Timing Information : Time (s): cpu = 00:00:17 ; elapsed = 00:00:20 . Memory (MB): peak = 1149.258 ; gain = 397.156
---------------------------------------------------------------------------------
---------------------------------------------------------------------------------
Start Applying 'set_property' XDC Constraints
---------------------------------------------------------------------------------
---------------------------------------------------------------------------------
Finished applying 'set_property' XDC Constraints : Time (s): cpu = 00:00:17 ; elapsed = 00:00:20 . Memory (MB): peak = 1149.258 ; gain = 397.156
---------------------------------------------------------------------------------
---------------------------------------------------------------------------------
Finished RTL Optimization Phase 2 : Time (s): cpu = 00:00:17 ; elapsed = 00:00:20 . Memory (MB): peak = 1149.258 ; gain = 397.156
---------------------------------------------------------------------------------

Report RTL Partitions: 
+-+--------------+------------+----------+
| |RTL Partition |Replication |Instances |
+-+--------------+------------+----------+
+-+--------------+------------+----------+
---------------------------------------------------------------------------------
Start RTL Component Statistics 
---------------------------------------------------------------------------------
Detailed RTL Component Info : 
+---Adders : 
	   3 Input     33 Bit       Adders := 1     
+---Registers : 
	               32 Bit    Registers := 4     
	                5 Bit    Registers := 2     
	                2 Bit    Registers := 2     
	                1 Bit    Registers := 6     
+---Muxes : 
	   2 Input     32 Bit        Muxes := 3     
	   6 Input     32 Bit        Muxes := 3     
	   2 Input      1 Bit        Muxes := 5     
---------------------------------------------------------------------------------
Finished RTL Component Statistics 
---------------------------------------------------------------------------------
---------------------------------------------------------------------------------
Start RTL Hierarchical Component Statistics 
---------------------------------------------------------------------------------
Hierarchical RTL Component report 
Module adder_32 
Detailed RTL Component Info : 
+---Adders : 
	   3 Input     33 Bit       Adders := 1     
Module myip_v1_0_S00_AXI 
Detailed RTL Component Info : 
+---Registers : 
	               32 Bit    Registers := 4     
	                5 Bit    Registers := 2     
	                2 Bit    Registers := 2     
	                1 Bit    Registers := 6     
+---Muxes : 
	   2 Input     32 Bit        Muxes := 3     
	   6 Input     32 Bit        Muxes := 3     
	   2 Input      1 Bit        Muxes := 5     
---------------------------------------------------------------------------------
Finished RTL Hierarchical Component Statistics
---------------------------------------------------------------------------------
---------------------------------------------------------------------------------
Start Part Resource Summary
---------------------------------------------------------------------------------
Part Resources:
DSPs: 220 (col length:60)
BRAMs: 280 (col length: RAMB18 60 RAMB36 30)
---------------------------------------------------------------------------------
Finished Part Resource Summary
---------------------------------------------------------------------------------
---------------------------------------------------------------------------------
Start Cross Boundary and Area Optimization
---------------------------------------------------------------------------------
Warning: Parallel synthesis criteria is not met 
WARNING: [Synth 8-3331] design design_1_myip_0_0 has unconnected port s00_axi_awprot[2]
WARNING: [Synth 8-3331] design design_1_myip_0_0 has unconnected port s00_axi_awprot[1]
WARNING: [Synth 8-3331] design design_1_myip_0_0 has unconnected port s00_axi_awprot[0]
WARNING: [Synth 8-3331] design design_1_myip_0_0 has unconnected port s00_axi_arprot[2]
WARNING: [Synth 8-3331] design design_1_myip_0_0 has unconnected port s00_axi_arprot[1]
WARNING: [Synth 8-3331] design design_1_myip_0_0 has unconnected port s00_axi_arprot[0]
INFO: [Synth 8-3886] merging instance 'inst/myip_v1_0_S00_AXI_inst/axi_rresp_reg[0]' (FDRE) to 'inst/myip_v1_0_S00_AXI_inst/axi_rresp_reg[1]'
INFO: [Synth 8-3333] propagating constant 0 across sequential element (\inst/myip_v1_0_S00_AXI_inst/axi_rresp_reg[1] )
INFO: [Synth 8-3886] merging instance 'inst/myip_v1_0_S00_AXI_inst/axi_bresp_reg[0]' (FDRE) to 'inst/myip_v1_0_S00_AXI_inst/axi_bresp_reg[1]'
INFO: [Synth 8-3333] propagating constant 0 across sequential element (\inst/myip_v1_0_S00_AXI_inst/axi_bresp_reg[1] )
---------------------------------------------------------------------------------
Finished Cross Boundary and Area Optimization : Time (s): cpu = 00:00:20 ; elapsed = 00:00:23 . Memory (MB): peak = 1149.258 ; gain = 397.156
---------------------------------------------------------------------------------

Report RTL Partitions: 
+-+--------------+------------+----------+
| |RTL Partition |Replication |Instances |
+-+--------------+------------+----------+
+-+--------------+------------+----------+
---------------------------------------------------------------------------------
Start Applying XDC Timing Constraints
---------------------------------------------------------------------------------
---------------------------------------------------------------------------------
Finished Applying XDC Timing Constraints : Time (s): cpu = 00:00:30 ; elapsed = 00:00:34 . Memory (MB): peak = 1149.258 ; gain = 397.156
---------------------------------------------------------------------------------
---------------------------------------------------------------------------------
Start Timing Optimization
---------------------------------------------------------------------------------
---------------------------------------------------------------------------------
Finished Timing Optimization : Time (s): cpu = 00:00:31 ; elapsed = 00:00:34 . Memory (MB): peak = 1149.258 ; gain = 397.156
---------------------------------------------------------------------------------

Report RTL Partitions: 
+-+--------------+------------+----------+
| |RTL Partition |Replication |Instances |
+-+--------------+------------+----------+
+-+--------------+------------+----------+
---------------------------------------------------------------------------------
Start Technology Mapping
---------------------------------------------------------------------------------
---------------------------------------------------------------------------------
Finished Technology Mapping : Time (s): cpu = 00:00:31 ; elapsed = 00:00:34 . Memory (MB): peak = 1152.238 ; gain = 400.137
---------------------------------------------------------------------------------

Report RTL Partitions: 
+-+--------------+------------+----------+
| |RTL Partition |Replication |Instances |
+-+--------------+------------+----------+
+-+--------------+------------+----------+
---------------------------------------------------------------------------------
Start IO Insertion
---------------------------------------------------------------------------------
---------------------------------------------------------------------------------
Start Flattening Before IO Insertion
---------------------------------------------------------------------------------
---------------------------------------------------------------------------------
Finished Flattening Before IO Insertion
---------------------------------------------------------------------------------
---------------------------------------------------------------------------------
Start Final Netlist Cleanup
---------------------------------------------------------------------------------
---------------------------------------------------------------------------------
Finished Final Netlist Cleanup
---------------------------------------------------------------------------------
---------------------------------------------------------------------------------
Finished IO Insertion : Time (s): cpu = 00:00:36 ; elapsed = 00:00:40 . Memory (MB): peak = 1167.941 ; gain = 415.840
---------------------------------------------------------------------------------
---------------------------------------------------------------------------------
Start Renaming Generated Instances
---------------------------------------------------------------------------------
---------------------------------------------------------------------------------
Finished Renaming Generated Instances : Time (s): cpu = 00:00:36 ; elapsed = 00:00:40 . Memory (MB): peak = 1167.941 ; gain = 415.840
---------------------------------------------------------------------------------

Report RTL Partitions: 
+-+--------------+------------+----------+
| |RTL Partition |Replication |Instances |
+-+--------------+------------+----------+
+-+--------------+------------+----------+

Report Check Netlist: 
+------+------------------+-------+---------+-------+------------------+
|      |Item              |Errors |Warnings |Status |Description       |
+------+------------------+-------+---------+-------+------------------+
|1     |multi_driven_nets |      0|        0|Passed |Multi driven nets |
+------+------------------+-------+---------+-------+------------------+
---------------------------------------------------------------------------------
Start Rebuilding User Hierarchy
---------------------------------------------------------------------------------
---------------------------------------------------------------------------------
Finished Rebuilding User Hierarchy : Time (s): cpu = 00:00:36 ; elapsed = 00:00:40 . Memory (MB): peak = 1167.941 ; gain = 415.840
---------------------------------------------------------------------------------
---------------------------------------------------------------------------------
Start Renaming Generated Ports
---------------------------------------------------------------------------------
---------------------------------------------------------------------------------
Finished Renaming Generated Ports : Time (s): cpu = 00:00:36 ; elapsed = 00:00:40 . Memory (MB): peak = 1167.941 ; gain = 415.840
---------------------------------------------------------------------------------
---------------------------------------------------------------------------------
Start Handling Custom Attributes
---------------------------------------------------------------------------------
---------------------------------------------------------------------------------
Finished Handling Custom Attributes : Time (s): cpu = 00:00:37 ; elapsed = 00:00:40 . Memory (MB): peak = 1167.941 ; gain = 415.840
---------------------------------------------------------------------------------
---------------------------------------------------------------------------------
Start Renaming Generated Nets
---------------------------------------------------------------------------------
---------------------------------------------------------------------------------
Finished Renaming Generated Nets : Time (s): cpu = 00:00:37 ; elapsed = 00:00:40 . Memory (MB): peak = 1167.941 ; gain = 415.840
---------------------------------------------------------------------------------
---------------------------------------------------------------------------------
Start Writing Synthesis Report
---------------------------------------------------------------------------------

Report BlackBoxes: 
+-+--------------+----------+
| |BlackBox name |Instances |
+-+--------------+----------+
+-+--------------+----------+

Report Cell Usage: 
+------+-------+------+
|      |Cell   |Count |
+------+-------+------+
|1     |CARRY4 |     9|
|2     |LUT1   |     1|
|3     |LUT2   |    33|
|4     |LUT3   |    33|
|5     |LUT4   |     8|
|6     |LUT5   |    12|
|7     |LUT6   |    37|
|8     |MUXF7  |     1|
|9     |FDRE   |   139|
|10    |FDSE   |     1|
+------+-------+------+

Report Instance Areas: 
+------+---------------------------+------------------+------+
|      |Instance                   |Module            |Cells |
+------+---------------------------+------------------+------+
|1     |top                        |                  |   274|
|2     |  inst                     |myip_v1_0         |   274|
|3     |    myip_v1_0_S00_AXI_inst |myip_v1_0_S00_AXI |   274|
|4     |      U0                   |adder_32          |    31|
+------+---------------------------+------------------+------+
---------------------------------------------------------------------------------
Finished Writing Synthesis Report : Time (s): cpu = 00:00:37 ; elapsed = 00:00:40 . Memory (MB): peak = 1167.941 ; gain = 415.840
---------------------------------------------------------------------------------
Synthesis finished with 0 errors, 0 critical warnings and 6 warnings.
Synthesis Optimization Runtime : Time (s): cpu = 00:00:26 ; elapsed = 00:00:37 . Memory (MB): peak = 1167.941 ; gain = 328.633
Synthesis Optimization Complete : Time (s): cpu = 00:00:37 ; elapsed = 00:00:40 . Memory (MB): peak = 1167.941 ; gain = 415.840
INFO: [Project 1-571] Translating synthesized netlist
Netlist sorting complete. Time (s): cpu = 00:00:00 ; elapsed = 00:00:00.007 . Memory (MB): peak = 1180.012 ; gain = 0.000
INFO: [Netlist 29-17] Analyzing 10 Unisim elements for replacement
INFO: [Netlist 29-28] Unisim Transformation completed in 0 CPU seconds
INFO: [Project 1-570] Preparing netlist for logic optimization
INFO: [Opt 31-138] Pushed 0 inverter(s) to 0 load pin(s).
Netlist sorting complete. Time (s): cpu = 00:00:00 ; elapsed = 00:00:00 . Memory (MB): peak = 1184.984 ; gain = 0.000
INFO: [Project 1-111] Unisim Transformation Summary:
No Unisim elements were transformed.

INFO: [Common 17-83] Releasing license: Synthesis
26 Infos, 18 Warnings, 0 Critical Warnings and 0 Errors encountered.
synth_design completed successfully
synth_design: Time (s): cpu = 00:00:44 ; elapsed = 00:00:49 . Memory (MB): peak = 1184.984 ; gain = 729.387
Netlist sorting complete. Time (s): cpu = 00:00:00 ; elapsed = 00:00:00 . Memory (MB): peak = 1184.984 ; gain = 0.000
WARNING: [Constraints 18-5210] No constraints selected for write.
Resolution: This message can indicate that there are no constraints for the design, or it can indicate that the used_in flags are set such that the constraints are ignored. This later case is used when running synth_design to not write synthesis constraints to the resulting checkpoint. Instead, project constraints are read when the synthesized design is opened.
INFO: [Common 17-1381] The checkpoint 'C:/Users/Max-Hsu/Desktop/1125n/project_1/project_1.runs/design_1_myip_0_0_synth_1/design_1_myip_0_0.dcp' has been generated.
WARNING: [Common 17-576] 'use_project_ipc' is deprecated. This option is deprecated and no longer used.
INFO: [Coretcl 2-1648] Added synthesis output to IP cache for IP design_1_myip_0_0, cache-ID = ad84b7507a21cc71
INFO: [Coretcl 2-1174] Renamed 3 cell refs.
Netlist sorting complete. Time (s): cpu = 00:00:00 ; elapsed = 00:00:00 . Memory (MB): peak = 1184.984 ; gain = 0.000
WARNING: [Constraints 18-5210] No constraints selected for write.
Resolution: This message can indicate that there are no constraints for the design, or it can indicate that the used_in flags are set such that the constraints are ignored. This later case is used when running synth_design to not write synthesis constraints to the resulting checkpoint. Instead, project constraints are read when the synthesized design is opened.
INFO: [Common 17-1381] The checkpoint 'C:/Users/Max-Hsu/Desktop/1125n/project_1/project_1.runs/design_1_myip_0_0_synth_1/design_1_myip_0_0.dcp' has been generated.
INFO: [runtcl-4] Executing : report_utilization -file design_1_myip_0_0_utilization_synth.rpt -pb design_1_myip_0_0_utilization_synth.pb
INFO: [Common 17-206] Exiting Vivado at Thu Nov 28 18:23:05 2019...
