Copyright 1986-2018 Xilinx, Inc. All Rights Reserved.
---------------------------------------------------------------------------------------------
| Tool Version : Vivado v.2018.3 (win64) Build 2405991 Thu Dec  6 23:38:27 MST 2018
| Date         : Mon Nov 25 09:53:01 2019
| Host         : PC01-55 running 64-bit major release  (build 9200)
| Command      : report_control_sets -verbose -file design_1_wrapper_control_sets_placed.rpt
| Design       : design_1_wrapper
| Device       : xc7z020
---------------------------------------------------------------------------------------------

Control Set Information

Table of Contents
-----------------
1. Summary
2. Histogram
3. Flip-Flop Distribution
4. Detailed Control Set Information

1. Summary
----------

+----------------------------------------------------------+-------+
|                          Status                          | Count |
+----------------------------------------------------------+-------+
| Number of unique control sets                            |    43 |
| Unused register locations in slices containing registers |    79 |
+----------------------------------------------------------+-------+


2. Histogram
------------

+--------+--------------+
| Fanout | Control Sets |
+--------+--------------+
|      1 |            1 |
|      2 |            1 |
|      4 |            3 |
|      5 |            3 |
|      6 |            1 |
|      8 |           17 |
|     10 |            1 |
|     12 |            1 |
|     13 |            1 |
|     14 |            2 |
|    16+ |           12 |
+--------+--------------+


3. Flip-Flop Distribution
-------------------------

+--------------+-----------------------+------------------------+-----------------+--------------+
| Clock Enable | Synchronous Set/Reset | Asynchronous Set/Reset | Total Registers | Total Slices |
+--------------+-----------------------+------------------------+-----------------+--------------+
| No           | No                    | No                     |             109 |           38 |
| No           | No                    | Yes                    |               0 |            0 |
| No           | Yes                   | No                     |              34 |           15 |
| Yes          | No                    | No                     |             300 |           78 |
| Yes          | No                    | Yes                    |               0 |            0 |
| Yes          | Yes                   | No                     |             158 |           43 |
+--------------+-----------------------+------------------------+-----------------+--------------+


4. Detailed Control Set Information
-----------------------------------

+-------------------------------------------------+----------------------------------------------------------------------------------------------------------------------------------------------------------------+-------------------------------------------------------------------------------------------------------------------------------------------------------+------------------+----------------+
|                   Clock Signal                  |                                                                          Enable Signal                                                                         |                                                                    Set/Reset Signal                                                                   | Slice Load Count | Bel Load Count |
+-------------------------------------------------+----------------------------------------------------------------------------------------------------------------------------------------------------------------+-------------------------------------------------------------------------------------------------------------------------------------------------------+------------------+----------------+
|  design_1_i/processing_system7_0/inst/FCLK_CLK0 | design_1_i/ps7_0_axi_periph/s00_couplers/auto_pc/inst/gen_axilite.gen_b2s_conv.axilite_b2s/WR.aw_channel_0/aw_cmd_fsm_0/m_axi_awready_1                        | design_1_i/ps7_0_axi_periph/s00_couplers/auto_pc/inst/gen_axilite.gen_b2s_conv.axilite_b2s/WR.aw_channel_0/aw_cmd_fsm_0/m_axi_awready_0               |                1 |              1 |
|  design_1_i/processing_system7_0/inst/FCLK_CLK0 | design_1_i/ps7_0_axi_periph/s00_couplers/auto_pc/inst/gen_axilite.gen_b2s_conv.axilite_b2s/WR.b_channel_0/bid_fifo_0/sel                                       |                                                                                                                                                       |                1 |              2 |
|  design_1_i/processing_system7_0/inst/FCLK_CLK0 |                                                                                                                                                                | design_1_i/rst_ps7_0_100M/U0/EXT_LPF/lpf_int                                                                                                          |                1 |              4 |
|  design_1_i/processing_system7_0/inst/FCLK_CLK0 |                                                                                                                                                                | design_1_i/ps7_0_axi_periph/s00_couplers/auto_pc/inst/gen_axilite.gen_b2s_conv.axilite_b2s/SI_REG/aw.aw_pipe/aresetn_d_reg[0]_0                       |                3 |              4 |
|  design_1_i/processing_system7_0/inst/FCLK_CLK0 |                                                                                                                                                                | design_1_i/ps7_0_axi_periph/s00_couplers/auto_pc/inst/gen_axilite.gen_b2s_conv.axilite_b2s/SI_REG/ar.ar_pipe/aresetn_d_reg[1]_inv_0                   |                3 |              4 |
|  design_1_i/processing_system7_0/inst/FCLK_CLK0 | design_1_i/ps7_0_axi_periph/s00_couplers/auto_pc/inst/gen_axilite.gen_b2s_conv.axilite_b2s/RD.r_channel_0/rd_data_fifo_0/cnt_read[4]_i_1_n_0                   | design_1_i/ps7_0_axi_periph/s00_couplers/auto_pc/inst/gen_axilite.gen_b2s_conv.axilite_b2s/areset_d1                                                  |                1 |              5 |
|  design_1_i/processing_system7_0/inst/FCLK_CLK0 | design_1_i/ps7_0_axi_periph/s00_couplers/auto_pc/inst/gen_axilite.gen_b2s_conv.axilite_b2s/RD.r_channel_0/rd_data_fifo_0/E[0]                                  | design_1_i/ps7_0_axi_periph/s00_couplers/auto_pc/inst/gen_axilite.gen_b2s_conv.axilite_b2s/areset_d1                                                  |                2 |              5 |
|  design_1_i/processing_system7_0/inst/FCLK_CLK0 | design_1_i/ps7_0_axi_periph/s00_couplers/auto_pc/inst/gen_axilite.gen_b2s_conv.axilite_b2s/RD.ar_channel_0/ar_cmd_fsm_0/m_valid_i_reg                          | design_1_i/ps7_0_axi_periph/s00_couplers/auto_pc/inst/gen_axilite.gen_b2s_conv.axilite_b2s/RD.ar_channel_0/ar_cmd_fsm_0/FSM_sequential_state_reg[0]_0 |                2 |              5 |
|  design_1_i/processing_system7_0/inst/FCLK_CLK0 | design_1_i/rst_ps7_0_100M/U0/SEQ/seq_cnt_en                                                                                                                    | design_1_i/rst_ps7_0_100M/U0/SEQ/SEQ_COUNTER/clear                                                                                                    |                1 |              6 |
|  design_1_i/processing_system7_0/inst/FCLK_CLK0 | design_1_i/myip_0/inst/myip_v1_0_S00_AXI_inst/p_1_in[23]                                                                                                       | design_1_i/myip_0/inst/myip_v1_0_S00_AXI_inst/axi_awready_i_1_n_0                                                                                     |                2 |              8 |
|  design_1_i/processing_system7_0/inst/FCLK_CLK0 | design_1_i/myip_0/inst/myip_v1_0_S00_AXI_inst/p_1_in[15]                                                                                                       | design_1_i/myip_0/inst/myip_v1_0_S00_AXI_inst/axi_awready_i_1_n_0                                                                                     |                2 |              8 |
|  design_1_i/processing_system7_0/inst/FCLK_CLK0 | design_1_i/myip_0/inst/myip_v1_0_S00_AXI_inst/slv_reg1[23]_i_1_n_0                                                                                             | design_1_i/myip_0/inst/myip_v1_0_S00_AXI_inst/axi_awready_i_1_n_0                                                                                     |                2 |              8 |
|  design_1_i/processing_system7_0/inst/FCLK_CLK0 | design_1_i/myip_0/inst/myip_v1_0_S00_AXI_inst/slv_reg1[31]_i_1_n_0                                                                                             | design_1_i/myip_0/inst/myip_v1_0_S00_AXI_inst/axi_awready_i_1_n_0                                                                                     |                2 |              8 |
|  design_1_i/processing_system7_0/inst/FCLK_CLK0 | design_1_i/myip_0/inst/myip_v1_0_S00_AXI_inst/slv_reg1[15]_i_1_n_0                                                                                             | design_1_i/myip_0/inst/myip_v1_0_S00_AXI_inst/axi_awready_i_1_n_0                                                                                     |                2 |              8 |
|  design_1_i/processing_system7_0/inst/FCLK_CLK0 | design_1_i/myip_0/inst/myip_v1_0_S00_AXI_inst/slv_reg1[7]_i_1_n_0                                                                                              | design_1_i/myip_0/inst/myip_v1_0_S00_AXI_inst/axi_awready_i_1_n_0                                                                                     |                3 |              8 |
|  design_1_i/processing_system7_0/inst/FCLK_CLK0 | design_1_i/ps7_0_axi_periph/s00_couplers/auto_pc/inst/gen_axilite.gen_b2s_conv.axilite_b2s/RD.ar_channel_0/ar_cmd_fsm_0/sel_first_reg[0]                       |                                                                                                                                                       |                4 |              8 |
|  design_1_i/processing_system7_0/inst/FCLK_CLK0 | design_1_i/myip_0/inst/myip_v1_0_S00_AXI_inst/p_1_in[7]                                                                                                        | design_1_i/myip_0/inst/myip_v1_0_S00_AXI_inst/axi_awready_i_1_n_0                                                                                     |                1 |              8 |
|  design_1_i/processing_system7_0/inst/FCLK_CLK0 | design_1_i/myip_0/inst/myip_v1_0_S00_AXI_inst/p_1_in[31]                                                                                                       | design_1_i/myip_0/inst/myip_v1_0_S00_AXI_inst/axi_awready_i_1_n_0                                                                                     |                1 |              8 |
|  design_1_i/processing_system7_0/inst/FCLK_CLK0 | design_1_i/myip_0/inst/myip_v1_0_S00_AXI_inst/slv_reg2[31]_i_1_n_0                                                                                             | design_1_i/myip_0/inst/myip_v1_0_S00_AXI_inst/axi_awready_i_1_n_0                                                                                     |                3 |              8 |
|  design_1_i/processing_system7_0/inst/FCLK_CLK0 | design_1_i/myip_0/inst/myip_v1_0_S00_AXI_inst/slv_reg2[7]_i_1_n_0                                                                                              | design_1_i/myip_0/inst/myip_v1_0_S00_AXI_inst/axi_awready_i_1_n_0                                                                                     |                1 |              8 |
|  design_1_i/processing_system7_0/inst/FCLK_CLK0 | design_1_i/ps7_0_axi_periph/s00_couplers/auto_pc/inst/gen_axilite.gen_b2s_conv.axilite_b2s/RD.ar_channel_0/ar_cmd_fsm_0/E[0]                                   |                                                                                                                                                       |                4 |              8 |
|  design_1_i/processing_system7_0/inst/FCLK_CLK0 | design_1_i/myip_0/inst/myip_v1_0_S00_AXI_inst/slv_reg2[15]_i_1_n_0                                                                                             | design_1_i/myip_0/inst/myip_v1_0_S00_AXI_inst/axi_awready_i_1_n_0                                                                                     |                1 |              8 |
|  design_1_i/processing_system7_0/inst/FCLK_CLK0 | design_1_i/myip_0/inst/myip_v1_0_S00_AXI_inst/slv_reg2[23]_i_1_n_0                                                                                             | design_1_i/myip_0/inst/myip_v1_0_S00_AXI_inst/axi_awready_i_1_n_0                                                                                     |                3 |              8 |
|  design_1_i/processing_system7_0/inst/FCLK_CLK0 | design_1_i/ps7_0_axi_periph/s00_couplers/auto_pc/inst/gen_axilite.gen_b2s_conv.axilite_b2s/WR.b_channel_0/mhandshake_r                                         | design_1_i/ps7_0_axi_periph/s00_couplers/auto_pc/inst/gen_axilite.gen_b2s_conv.axilite_b2s/WR.b_channel_0/bid_fifo_0/SR[0]                            |                3 |              8 |
|  design_1_i/processing_system7_0/inst/FCLK_CLK0 | design_1_i/ps7_0_axi_periph/s00_couplers/auto_pc/inst/gen_axilite.gen_b2s_conv.axilite_b2s/WR.aw_channel_0/aw_cmd_fsm_0/E[0]                                   |                                                                                                                                                       |                3 |              8 |
|  design_1_i/processing_system7_0/inst/FCLK_CLK0 | design_1_i/ps7_0_axi_periph/s00_couplers/auto_pc/inst/gen_axilite.gen_b2s_conv.axilite_b2s/WR.aw_channel_0/cmd_translator_0/incr_cmd_0/axaddr_incr[11]_i_1_n_0 |                                                                                                                                                       |                2 |              8 |
|  design_1_i/processing_system7_0/inst/FCLK_CLK0 |                                                                                                                                                                | design_1_i/ps7_0_axi_periph/s00_couplers/auto_pc/inst/gen_axilite.gen_b2s_conv.axilite_b2s/areset_d1                                                  |                4 |             10 |
|  design_1_i/processing_system7_0/inst/FCLK_CLK0 |                                                                                                                                                                | design_1_i/myip_0/inst/myip_v1_0_S00_AXI_inst/axi_awready_i_1_n_0                                                                                     |                4 |             12 |
|  design_1_i/processing_system7_0/inst/FCLK_CLK0 | design_1_i/ps7_0_axi_periph/s00_couplers/auto_pc/inst/gen_axilite.gen_b2s_conv.axilite_b2s/RD.r_channel_0/r_push_r                                             |                                                                                                                                                       |                4 |             13 |
|  design_1_i/processing_system7_0/inst/FCLK_CLK0 | design_1_i/ps7_0_axi_periph/s00_couplers/auto_pc/inst/gen_axilite.gen_b2s_conv.axilite_b2s/SI_REG/b.b_pipe/p_1_in                                              |                                                                                                                                                       |                2 |             14 |
|  design_1_i/processing_system7_0/inst/FCLK_CLK0 | design_1_i/ps7_0_axi_periph/s00_couplers/auto_pc/inst/gen_axilite.gen_b2s_conv.axilite_b2s/SI_REG/b.b_pipe/s_ready_i_reg_0                                     |                                                                                                                                                       |                3 |             14 |
|  design_1_i/processing_system7_0/inst/FCLK_CLK0 | design_1_i/ps7_0_axi_periph/s00_couplers/auto_pc/inst/gen_axilite.gen_b2s_conv.axilite_b2s/WR.aw_channel_0/aw_cmd_fsm_0/b_push                                 |                                                                                                                                                       |                3 |             16 |
|  design_1_i/processing_system7_0/inst/FCLK_CLK0 | design_1_i/ps7_0_axi_periph/s00_couplers/auto_pc/inst/gen_axilite.gen_b2s_conv.axilite_b2s/RD.ar_channel_0/ar_cmd_fsm_0/m_valid_i_reg                          |                                                                                                                                                       |                6 |             17 |
|  design_1_i/processing_system7_0/inst/FCLK_CLK0 | design_1_i/ps7_0_axi_periph/s00_couplers/auto_pc/inst/gen_axilite.gen_b2s_conv.axilite_b2s/WR.aw_channel_0/aw_cmd_fsm_0/m_axi_awready_1                        |                                                                                                                                                       |                8 |             21 |
|  design_1_i/processing_system7_0/inst/FCLK_CLK0 | design_1_i/ps7_0_axi_periph/s00_couplers/auto_pc/inst/gen_axilite.gen_b2s_conv.axilite_b2s/SI_REG/aw.aw_pipe/s_ready_i_reg_0                                   |                                                                                                                                                       |                9 |             28 |
|  design_1_i/processing_system7_0/inst/FCLK_CLK0 | design_1_i/ps7_0_axi_periph/s00_couplers/auto_pc/inst/gen_axilite.gen_b2s_conv.axilite_b2s/SI_REG/ar.ar_pipe/s_ready_i_reg_0                                   |                                                                                                                                                       |                7 |             28 |
|  design_1_i/processing_system7_0/inst/FCLK_CLK0 | design_1_i/ps7_0_axi_periph/s00_couplers/auto_pc/inst/gen_axilite.gen_b2s_conv.axilite_b2s/WR.aw_channel_0/aw_cmd_fsm_0/m_valid_i_reg[0]                       |                                                                                                                                                       |                6 |             28 |
|  design_1_i/processing_system7_0/inst/FCLK_CLK0 | design_1_i/ps7_0_axi_periph/s00_couplers/auto_pc/inst/gen_axilite.gen_b2s_conv.axilite_b2s/RD.ar_channel_0/ar_cmd_fsm_0/FSM_sequential_state_reg[1]_0[0]       |                                                                                                                                                       |                7 |             28 |
|  design_1_i/processing_system7_0/inst/FCLK_CLK0 | design_1_i/ps7_0_axi_periph/s00_couplers/auto_pc/inst/gen_axilite.gen_b2s_conv.axilite_b2s/RD.r_channel_0/rd_data_fifo_0/wr_en0                                |                                                                                                                                                       |                9 |             32 |
|  design_1_i/processing_system7_0/inst/FCLK_CLK0 | design_1_i/myip_0/inst/myip_v1_0_S00_AXI_inst/slv_reg_rden__0                                                                                                  | design_1_i/myip_0/inst/myip_v1_0_S00_AXI_inst/axi_awready_i_1_n_0                                                                                     |               10 |             32 |
|  design_1_i/processing_system7_0/inst/FCLK_CLK0 | design_1_i/ps7_0_axi_periph/s00_couplers/auto_pc/inst/gen_axilite.gen_b2s_conv.axilite_b2s/SI_REG/r.r_pipe/s_ready_i_reg_0                                     |                                                                                                                                                       |               10 |             45 |
|  design_1_i/processing_system7_0/inst/FCLK_CLK0 | design_1_i/ps7_0_axi_periph/s00_couplers/auto_pc/inst/gen_axilite.gen_b2s_conv.axilite_b2s/SI_REG/r.r_pipe/p_1_in                                              |                                                                                                                                                       |                7 |             45 |
|  design_1_i/processing_system7_0/inst/FCLK_CLK0 |                                                                                                                                                                |                                                                                                                                                       |               39 |            110 |
+-------------------------------------------------+----------------------------------------------------------------------------------------------------------------------------------------------------------------+-------------------------------------------------------------------------------------------------------------------------------------------------------+------------------+----------------+


