INFO: [VRFC 10-2263] Analyzing Verilog file "C:/Users/Max-Hsu/Desktop/1125n/project_1/project_1.ip_user_files/bd/design_1/ipshared/c92a/src/adder_32.v" into library xil_defaultlib
INFO: [VRFC 10-311] analyzing module adder_32
INFO: [VRFC 10-2263] Analyzing Verilog file "C:/Users/Max-Hsu/Desktop/1125n/project_1/project_1.ip_user_files/bd/design_1/ipshared/c92a/hdl/myip_v1_0_S00_AXI.v" into library xil_defaultlib
INFO: [VRFC 10-311] analyzing module myip_v1_0_S00_AXI
INFO: [VRFC 10-2458] undeclared symbol slc_reg2, assumed default net type wire [C:/Users/Max-Hsu/Desktop/1125n/project_1/project_1.ip_user_files/bd/design_1/ipshared/c92a/hdl/myip_v1_0_S00_AXI.v:414]
INFO: [VRFC 10-2263] Analyzing Verilog file "C:/Users/Max-Hsu/Desktop/1125n/project_1/project_1.ip_user_files/bd/design_1/ipshared/c92a/hdl/myip_v1_0.v" into library xil_defaultlib
INFO: [VRFC 10-311] analyzing module myip_v1_0
INFO: [VRFC 10-2263] Analyzing Verilog file "C:/Users/Max-Hsu/Desktop/1125n/project_1/project_1.ip_user_files/bd/design_1/ip/design_1_myip_0_0/sim/design_1_myip_0_0.v" into library xil_defaultlib
INFO: [VRFC 10-311] analyzing module design_1_myip_0_0
INFO: [VRFC 10-2263] Analyzing Verilog file "C:/Users/Max-Hsu/Desktop/1125n/project_1/project_1.ip_user_files/bd/design_1/ip/design_1_processing_system7_0_0/sim/design_1_processing_system7_0_0.v" into library xil_defaultlib
INFO: [VRFC 10-311] analyzing module design_1_processing_system7_0_0
INFO: [VRFC 10-2263] Analyzing Verilog file "C:/Users/Max-Hsu/Desktop/1125n/project_1/project_1.ip_user_files/bd/design_1/ip/design_1_auto_pc_0/sim/design_1_auto_pc_0.v" into library xil_defaultlib
INFO: [VRFC 10-311] analyzing module design_1_auto_pc_0
INFO: [VRFC 10-2263] Analyzing Verilog file "C:/Users/Max-Hsu/Desktop/1125n/project_1/project_1.ip_user_files/bd/design_1/sim/design_1.v" into library xil_defaultlib
INFO: [VRFC 10-311] analyzing module design_1
INFO: [VRFC 10-311] analyzing module design_1_ps7_0_axi_periph_0
INFO: [VRFC 10-311] analyzing module s00_couplers_imp_UYSKKA
INFO: [VRFC 10-2263] Analyzing Verilog file "C:/Users/Max-Hsu/Desktop/1125n/project_1/project_1.srcs/sources_1/bd/design_1/hdl/design_1_wrapper.v" into library xil_defaultlib
INFO: [VRFC 10-311] analyzing module design_1_wrapper
INFO: [VRFC 10-2263] Analyzing Verilog file "C:/Users/Max-Hsu/Desktop/1125n/project_1/project_1.sim/sim_1/behav/xsim/glbl.v" into library xil_defaultlib
INFO: [VRFC 10-311] analyzing module glbl
INFO: [VRFC 10-163] Analyzing VHDL file "C:/Users/Max-Hsu/Desktop/1125n/project_1/project_1.ip_user_files/bd/design_1/ip/design_1_rst_ps7_0_100M_0/sim/design_1_rst_ps7_0_100M_0.vhd" into library xil_defaultlib
INFO: [VRFC 10-3107] analyzing entity 'design_1_rst_ps7_0_100M_0'
