Vivado Simulator 2019.2
Copyright 1986-1999, 2001-2019 Xilinx, Inc. All Rights Reserved.
Running: C:/Xilinx/Vivado/2019.2/bin/unwrapped/win64.o/xelab.exe -wto 1a3a07fe84c44b5cb04858215a35fd9e --incr --debug typical --relax --mt 2 -L xil_defaultlib -L axi_infrastructure_v1_1_0 -L axi_vip_v1_1_6 -L processing_system7_vip_v1_0_8 -L generic_baseblocks_v2_1_0 -L fifo_generator_v13_2_5 -L axi_data_fifo_v2_1_19 -L axi_register_slice_v2_1_20 -L axi_protocol_converter_v2_1_20 -L lib_cdc_v1_0_2 -L proc_sys_reset_v5_0_13 -L xilinx_vip -L unisims_ver -L unimacro_ver -L secureip -L xpm --snapshot design_1_wrapper_behav xil_defaultlib.design_1_wrapper xil_defaultlib.glbl -log elaborate.log 
Using 2 slave threads.
Starting static elaboration
Pass Through NonSizing Optimizer
WARNING: [VRFC 10-3091] actual bit length 128 differs from formal bit length 64 for port 'WR_DATA_STRB' [/proj/xbuilds/SWIP/2019.2_1106_2127/infra/XSIM/lin/.cxl.ip/incl/processing_system7_vip_v1_0_8_axi_gp.v:208]
WARNING: [VRFC 10-3091] actual bit length 12 differs from formal bit length 6 for port 'm_axi_bid' [/wrk/2019.2/continuous/2019_11_06_2708876/packages/customer/vivado/data/ip/xilinx/processing_system7_vip_v1_0/hdl/processing_system7_vip_v1_0_vl_rfs.sv:5496]
WARNING: [VRFC 10-3091] actual bit length 12 differs from formal bit length 6 for port 'm_axi_rid' [/wrk/2019.2/continuous/2019_11_06_2708876/packages/customer/vivado/data/ip/xilinx/processing_system7_vip_v1_0/hdl/processing_system7_vip_v1_0_vl_rfs.sv:5514]
WARNING: [VRFC 10-3091] actual bit length 128 differs from formal bit length 64 for port 'WR_DATA_STRB' [/proj/xbuilds/SWIP/2019.2_1106_2127/infra/XSIM/lin/.cxl.ip/incl/processing_system7_vip_v1_0_8_axi_gp.v:292]
WARNING: [VRFC 10-3091] actual bit length 8 differs from formal bit length 9 for port 'WR_BYTES' [/proj/xbuilds/SWIP/2019.2_1106_2127/infra/XSIM/lin/.cxl.ip/incl/processing_system7_vip_v1_0_8_axi_hp.v:80]
WARNING: [VRFC 10-3091] actual bit length 8 differs from formal bit length 9 for port 'RD_BYTES' [/proj/xbuilds/SWIP/2019.2_1106_2127/infra/XSIM/lin/.cxl.ip/incl/processing_system7_vip_v1_0_8_axi_hp.v:89]
WARNING: [VRFC 10-3091] actual bit length 12 differs from formal bit length 6 for port 'm_axi_bid' [/wrk/2019.2/continuous/2019_11_06_2708876/packages/customer/vivado/data/ip/xilinx/processing_system7_vip_v1_0/hdl/processing_system7_vip_v1_0_vl_rfs.sv:10203]
WARNING: [VRFC 10-3091] actual bit length 12 differs from formal bit length 6 for port 'm_axi_rid' [/wrk/2019.2/continuous/2019_11_06_2708876/packages/customer/vivado/data/ip/xilinx/processing_system7_vip_v1_0/hdl/processing_system7_vip_v1_0_vl_rfs.sv:10221]
WARNING: [VRFC 10-3091] actual bit length 32 differs from formal bit length 64 for port 'm_axi_rdata' [/wrk/2019.2/continuous/2019_11_06_2708876/packages/customer/vivado/data/ip/xilinx/processing_system7_vip_v1_0/hdl/processing_system7_vip_v1_0_vl_rfs.sv:10222]
WARNING: [VRFC 10-3091] actual bit length 8 differs from formal bit length 9 for port 'WR_BYTES' [/proj/xbuilds/SWIP/2019.2_1106_2127/infra/XSIM/lin/.cxl.ip/incl/processing_system7_vip_v1_0_8_axi_hp.v:165]
WARNING: [VRFC 10-3091] actual bit length 8 differs from formal bit length 9 for port 'RD_BYTES' [/proj/xbuilds/SWIP/2019.2_1106_2127/infra/XSIM/lin/.cxl.ip/incl/processing_system7_vip_v1_0_8_axi_hp.v:174]
WARNING: [VRFC 10-3091] actual bit length 8 differs from formal bit length 9 for port 'WR_BYTES' [/proj/xbuilds/SWIP/2019.2_1106_2127/infra/XSIM/lin/.cxl.ip/incl/processing_system7_vip_v1_0_8_axi_hp.v:251]
WARNING: [VRFC 10-3091] actual bit length 8 differs from formal bit length 9 for port 'RD_BYTES' [/proj/xbuilds/SWIP/2019.2_1106_2127/infra/XSIM/lin/.cxl.ip/incl/processing_system7_vip_v1_0_8_axi_hp.v:260]
WARNING: [VRFC 10-3091] actual bit length 8 differs from formal bit length 9 for port 'WR_BYTES' [/proj/xbuilds/SWIP/2019.2_1106_2127/infra/XSIM/lin/.cxl.ip/incl/processing_system7_vip_v1_0_8_axi_hp.v:337]
WARNING: [VRFC 10-3091] actual bit length 8 differs from formal bit length 9 for port 'RD_BYTES' [/proj/xbuilds/SWIP/2019.2_1106_2127/infra/XSIM/lin/.cxl.ip/incl/processing_system7_vip_v1_0_8_axi_hp.v:346]
WARNING: [VRFC 10-3091] actual bit length 12 differs from formal bit length 3 for port 'm_axi_bid' [/wrk/2019.2/continuous/2019_11_06_2708876/packages/customer/vivado/data/ip/xilinx/processing_system7_vip_v1_0/hdl/processing_system7_vip_v1_0_vl_rfs.sv:7107]
WARNING: [VRFC 10-3091] actual bit length 12 differs from formal bit length 3 for port 'm_axi_rid' [/wrk/2019.2/continuous/2019_11_06_2708876/packages/customer/vivado/data/ip/xilinx/processing_system7_vip_v1_0/hdl/processing_system7_vip_v1_0_vl_rfs.sv:7125]
WARNING: [VRFC 10-3091] actual bit length 32 differs from formal bit length 64 for port 'm_axi_rdata' [/wrk/2019.2/continuous/2019_11_06_2708876/packages/customer/vivado/data/ip/xilinx/processing_system7_vip_v1_0/hdl/processing_system7_vip_v1_0_vl_rfs.sv:7126]
WARNING: [VRFC 10-5021] port 'mb_reset' is not connected on this instance [C:/Users/Max-Hsu/Desktop/1125n/project_1/project_1.ip_user_files/bd/design_1/sim/design_1.v:289]
WARNING: [VRFC 10-5021] port 'ENET0_GMII_RXD' is not connected on this instance [C:/Users/Max-Hsu/Desktop/1125n/project_1/project_1.ip_user_files/bd/design_1/ip/design_1_processing_system7_0_0/sim/design_1_processing_system7_0_0.v:197]
WARNING: [VRFC 10-3027] 'ocm_wr_strb_port0' was previously declared with a different range [/wrk/2019.2/continuous/2019_11_06_2708876/packages/customer/vivado/data/ip/xilinx/processing_system7_vip_v1_0/hdl/processing_system7_vip_v1_0_vl_rfs.sv:3759]
WARNING: [VRFC 10-5021] port 'aclk2x' is not connected on this instance [/wrk/2019.2/continuous/2019_11_06_2708876/packages/customer/vivado/data/ip/xilinx/axi_protocol_converter_v2_1/hdl/axi_protocol_converter_v2_1_vl_rfs.v:4376]
WARNING: [VRFC 10-5021] port 'aclk2x' is not connected on this instance [/wrk/2019.2/continuous/2019_11_06_2708876/packages/customer/vivado/data/ip/xilinx/axi_protocol_converter_v2_1/hdl/axi_protocol_converter_v2_1_vl_rfs.v:4631]
WARNING: [VRFC 10-3283] element index 64 into 'wrp_strb' is out of bounds [/wrk/2019.2/continuous/2019_11_06_2708876/packages/customer/vivado/data/ip/xilinx/processing_system7_vip_v1_0/hdl/processing_system7_vip_v1_0_vl_rfs.sv:6084]
WARNING: [VRFC 10-3283] element index 128 into 'wrp_strb' is out of bounds [/wrk/2019.2/continuous/2019_11_06_2708876/packages/customer/vivado/data/ip/xilinx/processing_system7_vip_v1_0/hdl/processing_system7_vip_v1_0_vl_rfs.sv:10844]
WARNING: [VRFC 10-3283] element index 128 into 'wrp_strb' is out of bounds [/wrk/2019.2/continuous/2019_11_06_2708876/packages/customer/vivado/data/ip/xilinx/processing_system7_vip_v1_0/hdl/processing_system7_vip_v1_0_vl_rfs.sv:7722]
WARNING: [VRFC 10-3705] select index 4 into 'wr_fifo_rd_ptr' is out of bounds [/wrk/2019.2/continuous/2019_11_06_2708876/packages/customer/vivado/data/ip/xilinx/processing_system7_vip_v1_0/hdl/processing_system7_vip_v1_0_vl_rfs.sv:7935]
WARNING: [VRFC 10-3705] select index 4 into 'ar_cnt' is out of bounds [/wrk/2019.2/continuous/2019_11_06_2708876/packages/customer/vivado/data/ip/xilinx/processing_system7_vip_v1_0/hdl/processing_system7_vip_v1_0_vl_rfs.sv:8074]
WARNING: [VRFC 10-3705] select index 4 into 'wr_rresp_cnt' is out of bounds [/wrk/2019.2/continuous/2019_11_06_2708876/packages/customer/vivado/data/ip/xilinx/processing_system7_vip_v1_0/hdl/processing_system7_vip_v1_0_vl_rfs.sv:8171]
WARNING: [VRFC 10-3705] select index 4 into 'rd_fifo_wr_ptr' is out of bounds [/wrk/2019.2/continuous/2019_11_06_2708876/packages/customer/vivado/data/ip/xilinx/processing_system7_vip_v1_0/hdl/processing_system7_vip_v1_0_vl_rfs.sv:8190]
WARNING: [VRFC 10-3705] select index 4 into 'rd_cnt' is out of bounds [/wrk/2019.2/continuous/2019_11_06_2708876/packages/customer/vivado/data/ip/xilinx/processing_system7_vip_v1_0/hdl/processing_system7_vip_v1_0_vl_rfs.sv:8331]
WARNING: [VRFC 10-3705] select index 4 into 'rresp_time_cnt' is out of bounds [/wrk/2019.2/continuous/2019_11_06_2708876/packages/customer/vivado/data/ip/xilinx/processing_system7_vip_v1_0/hdl/processing_system7_vip_v1_0_vl_rfs.sv:8336]
WARNING: [VRFC 10-3705] select index 4 into 'rd_fifo_rd_ptr' is out of bounds [/wrk/2019.2/continuous/2019_11_06_2708876/packages/customer/vivado/data/ip/xilinx/processing_system7_vip_v1_0/hdl/processing_system7_vip_v1_0_vl_rfs.sv:8341]
Completed static elaboration
Starting simulation data flow analysis
Completed simulation data flow analysis
Time Resolution for simulation is 1ps
Compiling package std.standard
Compiling package std.textio
Compiling package ieee.std_logic_1164
Compiling package ieee.numeric_std
Compiling package unisim.vcomponents
Compiling package ieee.vital_timing
Compiling package ieee.vital_primitives
Compiling package unisim.vpkg
Compiling package ieee.std_logic_arith
Compiling package synopsys.attributes
Compiling package ieee.std_logic_misc
Compiling package xilinx_vip.axi_vip_pkg
Compiling package xilinx_vip.xil_common_vip_pkg
Compiling package std.std
Compiling module xil_defaultlib.adder_32
Compiling module xil_defaultlib.myip_v1_0_S00_AXI_default
Compiling module xil_defaultlib.myip_v1_0
Compiling module xil_defaultlib.design_1_myip_0_0
Compiling module processing_system7_vip_v1_0_8.processing_system7_vip_v1_0_8_ge...
Compiling module processing_system7_vip_v1_0_8.processing_system7_vip_v1_0_8_ge...
Compiling module processing_system7_vip_v1_0_8.processing_system7_vip_v1_0_8_ar...
Compiling module processing_system7_vip_v1_0_8.processing_system7_vip_v1_0_8_ar...
Compiling module processing_system7_vip_v1_0_8.processing_system7_vip_v1_0_8_fm...
Compiling module processing_system7_vip_v1_0_8.processing_system7_vip_v1_0_8_ar...
Compiling module processing_system7_vip_v1_0_8.processing_system7_vip_v1_0_8_ar...
Compiling module processing_system7_vip_v1_0_8.processing_system7_vip_v1_0_8_ar...
Compiling module processing_system7_vip_v1_0_8.processing_system7_vip_v1_0_8_ar...
Compiling module processing_system7_vip_v1_0_8.processing_system7_vip_v1_0_8_ss...
Compiling module processing_system7_vip_v1_0_8.processing_system7_vip_v1_0_8_in...
Compiling module processing_system7_vip_v1_0_8.processing_system7_vip_v1_0_8_sp...
Compiling module processing_system7_vip_v1_0_8.processing_system7_vip_v1_0_8_dd...
Compiling module processing_system7_vip_v1_0_8.processing_system7_vip_v1_0_8_oc...
Compiling module processing_system7_vip_v1_0_8.processing_system7_vip_v1_0_8_oc...
Compiling module processing_system7_vip_v1_0_8.processing_system7_vip_v1_0_8_re...
Compiling module processing_system7_vip_v1_0_8.processing_system7_vip_v1_0_8_re...
Compiling module xilinx_vip.axi_vip_axi4pc(WDATA_WIDTH=32,RD...
Compiling module xilinx_vip.cb
Compiling module xilinx_vip.axi_vip_if(C_AXI_PROTOCOL=1,C_AX...
Compiling module axi_vip_v1_1_6.axi_vip_v1_1_6_top(C_AXI_PROTOCO...
Compiling module processing_system7_vip_v1_0_8.processing_system7_vip_v1_0_8_ax...
Compiling module processing_system7_vip_v1_0_8.processing_system7_vip_v1_0_8_ax...
Compiling module xilinx_vip.axi_vip_axi4pc(WDATA_WIDTH=32,RD...
Compiling module xilinx_vip.cb
Compiling module xilinx_vip.axi_vip_if(C_AXI_PROTOCOL=1,C_AX...
Compiling module axi_vip_v1_1_6.axi_vip_v1_1_6_top(C_AXI_PROTOCO...
Compiling module processing_system7_vip_v1_0_8.processing_system7_vip_v1_0_8_ax...
Compiling module processing_system7_vip_v1_0_8.processing_system7_vip_v1_0_8_ax...
Compiling module xilinx_vip.axi_vip_axi4pc(PROTOCOL=1,RID_WI...
Compiling module xilinx_vip.cb
Compiling module xilinx_vip.axi_vip_if(C_AXI_PROTOCOL=1,C_AX...
Compiling module axi_vip_v1_1_6.axi_vip_v1_1_6_top(C_AXI_PROTOCO...
Compiling module processing_system7_vip_v1_0_8.processing_system7_vip_v1_0_8_in...
Compiling module processing_system7_vip_v1_0_8.processing_system7_vip_v1_0_8_af...
Compiling module processing_system7_vip_v1_0_8.processing_system7_vip_v1_0_8_af...
Compiling module processing_system7_vip_v1_0_8.processing_system7_vip_v1_0_8_af...
Compiling module processing_system7_vip_v1_0_8.processing_system7_vip_v1_0_8_af...
Compiling module xilinx_vip.axi_vip_axi4pc(PROTOCOL=1,RID_WI...
Compiling module xilinx_vip.cb
Compiling module xilinx_vip.axi_vip_if(C_AXI_PROTOCOL=1,C_AX...
Compiling module axi_vip_v1_1_6.axi_vip_v1_1_6_top(C_AXI_PROTOCO...
Compiling module processing_system7_vip_v1_0_8.processing_system7_vip_v1_0_8_ax...
Compiling module processing_system7_vip_v1_0_8.processing_system7_vip_v1_0_8(C_...
Compiling module xil_defaultlib.design_1_processing_system7_0_0
Compiling module axi_infrastructure_v1_1_0.axi_infrastructure_v1_1_0_axi2ve...
Compiling module axi_infrastructure_v1_1_0.axi_infrastructure_v1_1_0_vector...
Compiling module axi_register_slice_v2_1_20.axi_register_slice_v2_1_20_axic_...
Compiling module axi_register_slice_v2_1_20.axi_register_slice_v2_1_20_axic_...
Compiling module axi_register_slice_v2_1_20.axi_register_slice_v2_1_20_axic_...
Compiling module axi_register_slice_v2_1_20.axi_register_slice_v2_1_20_axic_...
Compiling module axi_register_slice_v2_1_20.axi_register_slice_v2_1_20_axi_r...
Compiling module axi_protocol_converter_v2_1_20.axi_protocol_converter_v2_1_20_b...
Compiling module axi_protocol_converter_v2_1_20.axi_protocol_converter_v2_1_20_b...
Compiling module axi_protocol_converter_v2_1_20.axi_protocol_converter_v2_1_20_b...
Compiling module axi_protocol_converter_v2_1_20.axi_protocol_converter_v2_1_20_b...
Compiling module axi_protocol_converter_v2_1_20.axi_protocol_converter_v2_1_20_b...
Compiling module axi_protocol_converter_v2_1_20.axi_protocol_converter_v2_1_20_b...
Compiling module axi_protocol_converter_v2_1_20.axi_protocol_converter_v2_1_20_b...
Compiling module axi_protocol_converter_v2_1_20.axi_protocol_converter_v2_1_20_b...
Compiling module axi_protocol_converter_v2_1_20.axi_protocol_converter_v2_1_20_b...
Compiling module axi_protocol_converter_v2_1_20.axi_protocol_converter_v2_1_20_b...
Compiling module axi_protocol_converter_v2_1_20.axi_protocol_converter_v2_1_20_b...
Compiling module axi_protocol_converter_v2_1_20.axi_protocol_converter_v2_1_20_b...
Compiling module axi_protocol_converter_v2_1_20.axi_protocol_converter_v2_1_20_b...
Compiling module axi_infrastructure_v1_1_0.axi_infrastructure_v1_1_0_axi2ve...
Compiling module axi_infrastructure_v1_1_0.axi_infrastructure_v1_1_0_vector...
Compiling module axi_register_slice_v2_1_20.axi_register_slice_v2_1_20_axic_...
Compiling module axi_register_slice_v2_1_20.axi_register_slice_v2_1_20_axic_...
Compiling module axi_register_slice_v2_1_20.axi_register_slice_v2_1_20_axic_...
Compiling module axi_register_slice_v2_1_20.axi_register_slice_v2_1_20_axic_...
Compiling module axi_register_slice_v2_1_20.axi_register_slice_v2_1_20_axi_r...
Compiling module axi_protocol_converter_v2_1_20.axi_protocol_converter_v2_1_20_b...
Compiling module axi_protocol_converter_v2_1_20.axi_protocol_converter_v2_1_20_a...
Compiling module xil_defaultlib.design_1_auto_pc_0
Compiling module xil_defaultlib.s00_couplers_imp_UYSKKA
Compiling module xil_defaultlib.design_1_ps7_0_axi_periph_0
Compiling architecture fdre_v of entity unisim.FDRE [fdre_default]
Compiling architecture fdre_v of entity unisim.FDRE [\FDRE(init='1')\]
Compiling architecture fdr_v of entity unisim.FDR [fdr_default]
Compiling architecture implementation of entity lib_cdc_v1_0_2.cdc_sync [\cdc_sync(c_vector_width=2,c_mtb...]
Compiling architecture srl16e_v of entity unisim.SRL16E [\SRL16E(init="1111111111111111")...]
Compiling architecture srl16_v of entity unisim.SRL16 [\SRL16(init="1111111111111111")(...]
Compiling architecture imp of entity proc_sys_reset_v5_0_13.lpf [\lpf(c_ext_rst_width=4,c_aux_rst...]
Compiling architecture imp of entity proc_sys_reset_v5_0_13.upcnt_n [\upcnt_n(c_size=6)\]
Compiling architecture imp of entity proc_sys_reset_v5_0_13.sequence_psr [sequence_psr_default]
Compiling architecture imp of entity proc_sys_reset_v5_0_13.proc_sys_reset [\proc_sys_reset(c_family="zynq",...]
Compiling architecture design_1_rst_ps7_0_100m_0_arch of entity xil_defaultlib.design_1_rst_ps7_0_100M_0 [design_1_rst_ps7_0_100m_0_defaul...]
Compiling module xil_defaultlib.design_1
Compiling module xil_defaultlib.design_1_wrapper
Compiling module xil_defaultlib.glbl
Built simulation snapshot design_1_wrapper_behav
